<?xml version="1.0" encoding="UTF-8"?>
<!-- Generated by org.testng.reporters.JUnitReportReporter -->
<testsuite skipped="0" hostname="DESKTOP-Q44GKQB" name="com.herokuapp.internet.the.testsuite.LoginPageTest" tests="1" failures="0" timestamp="2022-12-13T23:05:33 AEST" time="5.560" errors="0">
  <testcase name="userShouldLoginSuccessfullyWithValidCredentials" time="5.560" classname="com.herokuapp.internet.the.testsuite.LoginPageTest"/>
  <system-out>
    <![CDATA[Enter user name[[ChromeDriver: chrome on WINDOWS (1cc5f305c2807ceb7e184670c76f12ee)] -> id: username]
Enter Password[[ChromeDriver: chrome on WINDOWS (1cc5f305c2807ceb7e184670c76f12ee)] -> name: password]
Click on login[[ChromeDriver: chrome on WINDOWS (1cc5f305c2807ceb7e184670c76f12ee)] -> xpath: //i[@class='fa fa-2x fa-sign-in']]
Get Text Message[[ChromeDriver: chrome on WINDOWS (1cc5f305c2807ceb7e184670c76f12ee)] -> xpath: //h2[text()=' Secure Area']]]]>
  </system-out>
</testsuite> <!-- com.herokuapp.internet.the.testsuite.LoginPageTest -->
